<?xml version="1.0" encoding="UTF-8"?>
<!-- Generated by org.testng.reporters.JUnitXMLReporter -->
<testsuite ignored="2" hostname="LAPTOP-SMVUHHBA" failures="0" tests="1" name="Test" time="48.506" errors="0" timestamp="2022-10-23T06:33:10 BDT">
  <testcase classname="testCases.TC001_GoToSite" name="goToSite" time="47.353"/>
  <testcase classname="base.DriverSetup" name="@BeforeSuite setup" time="0.0">
    <ignored/>
  </testcase> <!-- @BeforeSuite setup -->
  <testcase classname="base.DriverSetup" name="@AfterSuite tearDown" time="0.0">
    <ignored/>
  </testcase> <!-- @AfterSuite tearDown -->
</testsuite> <!-- Test -->
